<?xml version="1.0" encoding="UTF-8"?>
<!-- Generated by org.testng.reporters.JUnitXMLReporter -->
<testsuite ignored="2" hostname="WIN-URGO2HJ69J8" failures="0" tests="2" name="Regresssion Test" time="24.258" errors="0" timestamp="2022-02-05T23:51:42 EET">
  <testcase classname="Tests.Testcat" name="catcreation" time="10.498"/>
  <testcase classname="Tests.testprd" name="productCreation" time="13.731"/>
  <testcase classname="Tests.TestBase" name="@AfterSuite StopDriver" time="0.0">
    <ignored/>
  </testcase> <!-- @AfterSuite StopDriver -->
  <testcase classname="Tests.TestBase" name="@BeforeSuite StartDriver" time="0.0">
    <ignored/>
  </testcase> <!-- @BeforeSuite StartDriver -->
</testsuite> <!-- Regresssion Test -->
