<?xml version="1.0" encoding="UTF-8"?>
<testng-results ignored="2" total="4" passed="2" failed="0" skipped="0">
  <reporter-output>
  </reporter-output>
  <suite started-at="2022-02-05T23:51:17 EET" name="task-one automation suite" finished-at="2022-02-05T23:51:42 EET" duration-ms="24258">
    <groups>
    </groups>
    <test started-at="2022-02-05T23:51:17 EET" name="Regresssion Test" finished-at="2022-02-05T23:51:42 EET" duration-ms="24258">
      <class name="Tests.testprd">
        <test-method signature="productCreation()[pri:4, instance:Tests.testprd@ffaa6af]" started-at="2022-02-05T23:51:28 EET" name="productCreation" finished-at="2022-02-05T23:51:42 EET" duration-ms="13731" status="PASS">
          <reporter-output>
          </reporter-output>
        </test-method> <!-- productCreation -->
      </class> <!-- Tests.testprd -->
      <class name="Tests.Testcat">
        <test-method is-config="true" signature="StartDriver()[pri:0, instance:Tests.Testcat@2805d709]" started-at="2022-02-05T23:51:04 EET" name="StartDriver" finished-at="2022-02-05T23:51:17 EET" duration-ms="13374" status="PASS">
          <reporter-output>
          </reporter-output>
        </test-method> <!-- StartDriver -->
        <test-method signature="catcreation()[pri:2, instance:Tests.Testcat@2805d709]" started-at="2022-02-05T23:51:17 EET" name="catcreation" finished-at="2022-02-05T23:51:28 EET" duration-ms="10498" status="PASS">
          <reporter-output>
          </reporter-output>
        </test-method> <!-- catcreation -->
        <test-method is-config="true" signature="StopDriver()[pri:0, instance:Tests.Testcat@2805d709]" started-at="2022-02-05T23:51:42 EET" name="StopDriver" finished-at="2022-02-05T23:51:42 EET" duration-ms="781" status="PASS">
          <reporter-output>
          </reporter-output>
        </test-method> <!-- StopDriver -->
      </class> <!-- Tests.Testcat -->
    </test> <!-- Regresssion Test -->
  </suite> <!-- task-one automation suite -->
</testng-results>
